c:\users\craft\dropbox\programming\senior year\compiler\compiler\debug\vc140.pdb
c:\users\craft\dropbox\programming\senior year\compiler\compiler\debug\vc140.idb
c:\users\craft\dropbox\programming\senior year\compiler\compiler\debug\main.obj
c:\users\craft\dropbox\programming\senior year\compiler\compiler\debug\scanner.obj
c:\users\craft\dropbox\programming\senior year\compiler\compiler\debug\statemachine.obj
c:\users\craft\dropbox\programming\senior year\compiler\compiler\debug\symbol.obj
c:\users\craft\dropbox\programming\senior year\compiler\compiler\debug\token.obj
c:\users\craft\dropbox\programming\senior year\compiler\compiler\debug\node.obj
c:\users\craft\dropbox\programming\senior year\compiler\compiler\debug\instructions.obj
c:\users\craft\dropbox\programming\senior year\compiler\compiler\debug\parser.obj
c:\users\craft\dropbox\programming\senior year\compiler\debug\compiler.ilk
c:\users\craft\dropbox\programming\senior year\compiler\debug\compiler.exe
c:\users\craft\dropbox\programming\senior year\compiler\debug\compiler.pdb
c:\users\craft\dropbox\programming\senior year\compiler\compiler\debug\node.obj.enc
c:\users\craft\dropbox\programming\senior year\compiler\compiler\debug\symbol.obj.enc
c:\users\craft\dropbox\programming\senior year\compiler\compiler\debug\compiler.tlog\cl.command.1.tlog
c:\users\craft\dropbox\programming\senior year\compiler\compiler\debug\compiler.tlog\cl.read.1.tlog
c:\users\craft\dropbox\programming\senior year\compiler\compiler\debug\compiler.tlog\cl.write.1.tlog
c:\users\craft\dropbox\programming\senior year\compiler\compiler\debug\compiler.tlog\link.command.1.tlog
c:\users\craft\dropbox\programming\senior year\compiler\compiler\debug\compiler.tlog\link.read.1.tlog
c:\users\craft\dropbox\programming\senior year\compiler\compiler\debug\compiler.tlog\link.write.1.tlog
